

Microchip MPLAB XC8 Assembler V2.46 build 20240104201356 
                                                                                               Fri Feb 16 20:47:28 2024

Microchip MPLAB XC8 C Compiler v2.46 (Free license) build 20240104201356 Og1 
     1                           	processor	16F84A
     2                           	pagewidth 120
     3                           	opt	flic
     4                           	psect	cinit,global,class=CODE,merge=1,delta=2
     5                           	psect	cstackCOMMON,global,class=COMMON,space=1,delta=1,noexec
     6                           	psect	cstackBANK0,global,class=BANK0,space=1,delta=1,noexec
     7                           	psect	maintext,global,class=CODE,split=1,delta=2
     8                           	dabs	1,0x4E,2
     9     0000                     
    10                           ; Generated 22/03/2023 GMT
    11                           ; 
    12                           ; Copyright © 2023, Microchip Technology Inc. and its subsidiaries ("Microchip")
    13                           ; All rights reserved.
    14                           ; 
    15                           ; This software is developed by Microchip Technology Inc. and its subsidiaries ("Microch
      +                          ip").
    16                           ; 
    17                           ; Redistribution and use in source and binary forms, with or without modification, are
    18                           ; permitted provided that the following conditions are met:
    19                           ; 
    20                           ;     1. Redistributions of source code must retain the above copyright notice, this lis
      +                          t of
    21                           ;        conditions and the following disclaimer.
    22                           ; 
    23                           ;     2. Redistributions in binary form must reproduce the above copyright notice, this 
      +                          list
    24                           ;        of conditions and the following disclaimer in the documentation and/or other
    25                           ;        materials provided with the distribution. Publication is not required when
    26                           ;        this file is used in an embedded application.
    27                           ; 
    28                           ;     3. Microchip's name may not be used to endorse or promote products derived from th
      +                          is
    29                           ;        software without specific prior written permission.
    30                           ; 
    31                           ; THIS SOFTWARE IS PROVIDED BY MICROCHIP "AS IS" AND ANY EXPRESS OR IMPLIED WARRANTIES,
    32                           ; INCLUDING, BUT NOT LIMITED TO, THE IMPLIED WARRANTIES OF MERCHANTABILITY AND FITNESS F
      +                          OR
    33                           ; PURPOSE ARE DISCLAIMED.  IN NO EVENT SHALL MICROCHIP BE LIABLE FOR ANY DIRECT, INDIREC
      +                          T,
    34                           ; INCIDENTAL, SPECIAL, EXEMPLARY, OR CONSEQUENTIAL DAMAGES (INCLUDING BUT NOT LIMITED TO
    35                           ; PROCUREMENT OF SUBSTITUTE GOODS OR SERVICES; LOSS OF USE, DATA OR PROFITS; OR BUSINESS
    36                           ; INTERRUPTION) HOWSOEVER CAUSED AND ON ANY THEORY OF LIABILITY, WHETHER IN CONTRACT, ST
      +                          RICT
    37                           ; LIABILITY, OR TORT (INCLUDING NEGLIGENCE OR OTHERWISE) ARISING IN ANY WAY OUT OF THE U
      +                          SE OF
    38                           ; THIS SOFTWARE, EVEN IF ADVISED OF THE POSSIBILITY OF SUCH DAMAGE.
    39                           ; 
    40                           ; 
    41                           ; Code-generator required, PIC16F84A Definitions
    42                           ; 
    43                           ; SFR Addresses
    44     0000                     	;# 
    45     0001                     	;# 
    46     0002                     	;# 
    47     0003                     	;# 
    48     0004                     	;# 
    49     0005                     	;# 
    50     0006                     	;# 
    51     0008                     	;# 
    52     0009                     	;# 
    53     000A                     	;# 
    54     000B                     	;# 
    55     0081                     	;# 
    56     0085                     	;# 
    57     0086                     	;# 
    58     0088                     	;# 
    59     0089                     	;# 
    60     0000                     	;# 
    61     0001                     	;# 
    62     0002                     	;# 
    63     0003                     	;# 
    64     0004                     	;# 
    65     0005                     	;# 
    66     0006                     	;# 
    67     0008                     	;# 
    68     0009                     	;# 
    69     000A                     	;# 
    70     000B                     	;# 
    71     0081                     	;# 
    72     0085                     	;# 
    73     0086                     	;# 
    74     0088                     	;# 
    75     0089                     	;# 
    76     0005                     _PORTAbits	set	5
    77     0085                     _TRISA	set	133
    78                           
    79                           	psect	cinit
    80     03FE                     start_initialization:	
    81                           ; #config settings
    82                           
    83     03FE                     __initialization:
    84     03FE                     end_of_initialization:	
    85                           ;End of C runtime variable initialization code
    86                           
    87     03FE                     __end_of__initialization:
    88     03FE  0183               	clrf	3
    89     03FF  2BF0               	ljmp	_main	;jump to C main() function
    90                           
    91                           	psect	cstackCOMMON
    92     0000                     __pcstackCOMMON:
    93     0000                     ??_main:
    94                           
    95                           	psect	cstackBANK0
    96     000C                     __pcstackBANK0:	
    97                           ; 1 bytes @ 0x0
    98                           
    99     000C                     ?_main:
   100     000C                     main@argc:	
   101                           ; 2 bytes @ 0x0
   102                           
   103                           
   104                           ; 2 bytes @ 0x0
   105     000C                     	ds	2
   106     000E                     main@argv:
   107                           
   108                           ; 2 bytes @ 0x2
   109     000E                     	ds	2
   110                           
   111                           	psect	maintext
   112     03F0                     __pmaintext:	
   113 ;;
   114 ;;Main: autosize = 0, tempsize = 0, incstack = 0, save=0
   115 ;;
   116 ;; *************** function _main *****************
   117 ;; Defined at:
   118 ;;		line 15 in file "main.c"
   119 ;; Parameters:    Size  Location     Type
   120 ;;  argc            2    0[BANK0 ] int 
   121 ;;  argv            2    2[BANK0 ] PTR PTR unsigned char 
   122 ;; Auto vars:     Size  Location     Type
   123 ;;		None
   124 ;; Return value:  Size  Location     Type
   125 ;;                  2    0[BANK0 ] int 
   126 ;; Registers used:
   127 ;;		wreg
   128 ;; Tracked objects:
   129 ;;		On entry : B00/0
   130 ;;		On exit  : 0/0
   131 ;;		Unchanged: 0/0
   132 ;; Data sizes:     COMMON   BANK0
   133 ;;      Params:         0       4
   134 ;;      Locals:         0       0
   135 ;;      Temps:          0       0
   136 ;;      Totals:         0       4
   137 ;;Total ram usage:        4 bytes
   138 ;; This function calls:
   139 ;;		Nothing
   140 ;; This function is called by:
   141 ;;		Startup code after reset
   142 ;; This function uses a non-reentrant model
   143 ;;
   144                           
   145     03F0                     _main:	
   146                           ;psect for function _main
   147                           
   148     03F0                     l560:	
   149                           ;incstack = 0
   150                           ; Regs used in _main: [wreg]
   151                           
   152                           
   153                           ;main.c: 19:     TRISA = 0b00111101;
   154     03F0  303D               	movlw	61
   155     03F1  1683               	bsf	3,5	;RP0=1, select bank1
   156     03F2  0085               	movwf	5	;volatile
   157     03F3                     l562:
   158                           
   159                           ;main.c: 22:         PORTAbits.RA1 = PORTAbits.RA0;
   160     03F3  1283               	bcf	3,5	;RP0=0, select bank0
   161     03F4  1805               	btfsc	5,0	;volatile
   162     03F5  2BF7               	goto	u31
   163     03F6  2BFA               	goto	u30
   164     03F7                     u31:
   165     03F7  1283               	bcf	3,5	;RP0=0, select bank0
   166     03F8  1485               	bsf	5,1	;volatile
   167     03F9  2BFC               	goto	u44
   168     03FA                     u30:
   169     03FA  1283               	bcf	3,5	;RP0=0, select bank0
   170     03FB  1085               	bcf	5,1	;volatile
   171     03FC                     u44:
   172     03FC  2BF3               	goto	l562
   173     03FD  2800               	ljmp	start
   174     03FE                     __end_of_main:
   175     004E                     btemp	set	78	;btemp
   176     004E                     wtemp0	set	78

Data Sizes:
    Strings     0
    Constant    0
    Data        0
    BSS         0
    Persistent  0
    Stack       0

Auto Spaces:
    Space          Size  Autos    Used
    COMMON            0      0       0
    BANK0            66      4       4

Pointer List with Targets:

    None.

Critical Paths under _main in COMMON

    None.

Critical Paths under _main in BANK0

    None.

Call Graph Tables:

 ---------------------------------------------------------------------------------
 (Depth) Function   	        Calls       Base Space   Used Autos Params    Refs
 ---------------------------------------------------------------------------------
 (0) _main                                                 4     0      4       0
                                              0 BANK0      4     0      4
 ---------------------------------------------------------------------------------
 Estimated maximum stack depth 0
 ---------------------------------------------------------------------------------

 Call Graph Graphs:

 _main (ROOT)

 Address spaces:
Name               Size   Autos  Total    Cost      Usage
BITCOMMON            0      0       0       0        0.0%
EEDATA              40      0       0       0        0.0%
NULL                 0      0       0       0        0.0%
CODE                 0      0       0       0        0.0%
BITSFR0              0      0       0       1        0.0%
SFR0                 0      0       0       1        0.0%
COMMON               0      0       0       1        0.0%
BITSFR1              0      0       0       2        0.0%
SFR1                 0      0       0       2        0.0%
STACK                0      0       0       2        0.0%
BANK0               42      4       4       3        6.1%
ABS                  0      0       0       4        0.0%
BITBANK0            42      0       0       5        0.0%
DATA                 0      0       0       6        0.0%


Microchip Technology PIC Macro Assembler V2.46 build 20240104201356 
Symbol Table                                                                                   Fri Feb 16 20:47:28 2024

                     u30 03FA                       u31 03F7                       u44 03FC  
                    l560 03F0                      l562 03F3                     _main 03F0  
                   btemp 004E                     start 0000                    ?_main 000C  
                  _TRISA 0085                    status 0003                    wtemp0 004E  
        __initialization 03FE             __end_of_main 03FE                   ??_main 0000  
__end_of__initialization 03FE           __pcstackCOMMON 0000               __pmaintext 03F0  
   end_of_initialization 03FE                _PORTAbits 0005      start_initialization 03FE  
              ___latbits 0000            __pcstackBANK0 000C                 main@argc 000C  
               main@argv 000E  
